{"/Users/mattdizon/Desktop/untitled folder 4/infocenter-v2-fe/src/components/Card/Card.tsx": {"path":"/Users/mattdizon/Desktop/untitled folder 4/infocenter-v2-fe/src/components/Card/Card.tsx","statementMap":{"0":{"start":{"line":2,"column":0},"end":{"line":2,"column":47}},"1":{"start":{"line":4,"column":30},"end":{"line":4,"column":77}},"2":{"start":{"line":4,"column":48},"end":{"line":4,"column":77}},"3":{"start":{"line":4,"column":13},"end":{"line":4,"column":30}}},"fnMap":{"0":{"name":"(anonymous_0)","decl":{"start":{"line":4,"column":30},"end":{"line":4,"column":31}},"loc":{"start":{"line":4,"column":48},"end":{"line":4,"column":77}}}},"branchMap":{},"s":{"0":1,"1":1,"2":1,"3":1},"f":{"0":1},"b":{}}
,"/Users/mattdizon/Desktop/untitled folder 4/infocenter-v2-fe/src/components/EmptyState/EmptyState.tsx": {"path":"/Users/mattdizon/Desktop/untitled folder 4/infocenter-v2-fe/src/components/EmptyState/EmptyState.tsx","statementMap":{"0":{"start":{"line":2,"column":0},"end":{"line":2,"column":46}},"1":{"start":{"line":3,"column":0},"end":{"line":3,"column":58}},"2":{"start":{"line":4,"column":0},"end":{"line":4,"column":49}},"3":{"start":{"line":7,"column":53},"end":{"line":23,"column":null}},"4":{"start":{"line":8,"column":2},"end":{"line":22,"column":null}},"5":{"start":{"line":7,"column":13},"end":{"line":7,"column":53}}},"fnMap":{"0":{"name":"(anonymous_0)","decl":{"start":{"line":7,"column":53},"end":{"line":7,"column":54}},"loc":{"start":{"line":8,"column":2},"end":{"line":22,"column":null}}}},"branchMap":{"0":{"loc":{"start":{"line":20,"column":7},"end":{"line":20,"column":65}},"type":"cond-expr","locations":[{"start":{"line":20,"column":35},"end":{"line":20,"column":57}},{"start":{"line":20,"column":60},"end":{"line":20,"column":65}}]},"1":{"loc":{"start":{"line":21,"column":7},"end":{"line":21,"column":80}},"type":"cond-expr","locations":[{"start":{"line":21,"column":38},"end":{"line":21,"column":69}},{"start":{"line":21,"column":72},"end":{"line":21,"column":80}}]}},"s":{"0":1,"1":1,"2":1,"3":1,"4":1,"5":1},"f":{"0":1},"b":{"0":[1,0],"1":[1,0]}}
,"/Users/mattdizon/Desktop/untitled folder 4/infocenter-v2-fe/src/components/Typography/Subtitle/Subtitle.tsx": {"path":"/Users/mattdizon/Desktop/untitled folder 4/infocenter-v2-fe/src/components/Typography/Subtitle/Subtitle.tsx","statementMap":{"0":{"start":{"line":2,"column":0},"end":{"line":2,"column":42}},"1":{"start":{"line":5,"column":51},"end":{"line":30,"column":1}},"2":{"start":{"line":15,"column":19},"end":{"line":15,"column":78}},"3":{"start":{"line":15,"column":26},"end":{"line":15,"column":77}},"4":{"start":{"line":17,"column":2},"end":{"line":29,"column":null}},"5":{"start":{"line":5,"column":13},"end":{"line":5,"column":51}}},"fnMap":{"0":{"name":"(anonymous_0)","decl":{"start":{"line":5,"column":51},"end":{"line":5,"column":52}},"loc":{"start":{"line":14,"column":5},"end":{"line":30,"column":1}}},"1":{"name":"(anonymous_1)","decl":{"start":{"line":15,"column":19},"end":{"line":15,"column":22}},"loc":{"start":{"line":15,"column":26},"end":{"line":15,"column":77}}}},"branchMap":{"0":{"loc":{"start":{"line":15,"column":26},"end":{"line":15,"column":77}},"type":"cond-expr","locations":[{"start":{"line":15,"column":45},"end":{"line":15,"column":47}},{"start":{"line":15,"column":50},"end":{"line":15,"column":77}}]},"1":{"loc":{"start":{"line":15,"column":50},"end":{"line":15,"column":77}},"type":"cond-expr","locations":[{"start":{"line":15,"column":70},"end":{"line":15,"column":72}},{"start":{"line":15,"column":75},"end":{"line":15,"column":77}}]}},"s":{"0":1,"1":1,"2":1,"3":1,"4":1,"5":1},"f":{"0":1,"1":1},"b":{"0":[0,1],"1":[0,1]}}
,"/Users/mattdizon/Desktop/untitled folder 4/infocenter-v2-fe/src/components/Typography/Title/Title.tsx": {"path":"/Users/mattdizon/Desktop/untitled folder 4/infocenter-v2-fe/src/components/Typography/Title/Title.tsx","statementMap":{"0":{"start":{"line":2,"column":0},"end":{"line":2,"column":42}},"1":{"start":{"line":5,"column":48},"end":{"line":13,"column":1}},"2":{"start":{"line":6,"column":19},"end":{"line":6,"column":78}},"3":{"start":{"line":6,"column":26},"end":{"line":6,"column":77}},"4":{"start":{"line":8,"column":2},"end":{"line":12,"column":null}},"5":{"start":{"line":5,"column":13},"end":{"line":5,"column":48}}},"fnMap":{"0":{"name":"(anonymous_0)","decl":{"start":{"line":5,"column":48},"end":{"line":5,"column":49}},"loc":{"start":{"line":5,"column":105},"end":{"line":13,"column":1}}},"1":{"name":"(anonymous_1)","decl":{"start":{"line":6,"column":19},"end":{"line":6,"column":22}},"loc":{"start":{"line":6,"column":26},"end":{"line":6,"column":77}}}},"branchMap":{"0":{"loc":{"start":{"line":6,"column":26},"end":{"line":6,"column":77}},"type":"cond-expr","locations":[{"start":{"line":6,"column":45},"end":{"line":6,"column":47}},{"start":{"line":6,"column":50},"end":{"line":6,"column":77}}]},"1":{"loc":{"start":{"line":6,"column":50},"end":{"line":6,"column":77}},"type":"cond-expr","locations":[{"start":{"line":6,"column":70},"end":{"line":6,"column":72}},{"start":{"line":6,"column":75},"end":{"line":6,"column":77}}]},"2":{"loc":{"start":{"line":9,"column":28},"end":{"line":9,"column":48}},"type":"binary-expr","locations":[{"start":{"line":9,"column":28},"end":{"line":9,"column":38}},{"start":{"line":9,"column":42},"end":{"line":9,"column":48}}]}},"s":{"0":1,"1":1,"2":1,"3":1,"4":1,"5":1},"f":{"0":1,"1":1},"b":{"0":[0,1],"1":[0,1],"2":[1,1]}}
,"/Users/mattdizon/Desktop/untitled folder 4/infocenter-v2-fe/src/core/utils/window.util.ts": {"path":"/Users/mattdizon/Desktop/untitled folder 4/infocenter-v2-fe/src/core/utils/window.util.ts","statementMap":{"0":{"start":{"line":1,"column":34},"end":{"line":7,"column":1}},"1":{"start":{"line":2,"column":53},"end":{"line":2,"column":59}},"2":{"start":{"line":3,"column":2},"end":{"line":6,"column":null}},"3":{"start":{"line":1,"column":13},"end":{"line":1,"column":34}}},"fnMap":{"0":{"name":"(anonymous_0)","decl":{"start":{"line":1,"column":34},"end":{"line":1,"column":72}},"loc":{"start":{"line":1,"column":74},"end":{"line":7,"column":1}}}},"branchMap":{},"s":{"0":1,"1":1,"2":1,"3":1},"f":{"0":1},"b":{}}
}
