TN:
SF:src/components/Card/Card.tsx
FN:4,(anonymous_0)
FNF:1
FNH:1
FNDA:1,(anonymous_0)
DA:2,1
DA:4,1
LF:2
LH:2
BRF:0
BRH:0
end_of_record
TN:
SF:src/components/EmptyState/EmptyState.tsx
FN:7,(anonymous_0)
FNF:1
FNH:1
FNDA:1,(anonymous_0)
DA:2,1
DA:3,1
DA:4,1
DA:7,1
DA:8,1
LF:5
LH:5
BRDA:20,0,0,1
BRDA:20,0,1,0
BRDA:21,1,0,1
BRDA:21,1,1,0
BRF:4
BRH:2
end_of_record
TN:
SF:src/components/Typography/Subtitle/Subtitle.tsx
FN:5,(anonymous_0)
FN:15,(anonymous_1)
FNF:2
FNH:2
FNDA:1,(anonymous_0)
FNDA:1,(anonymous_1)
DA:2,1
DA:5,1
DA:15,1
DA:17,1
LF:4
LH:4
BRDA:15,0,0,0
BRDA:15,0,1,1
BRDA:15,1,0,0
BRDA:15,1,1,1
BRF:4
BRH:2
end_of_record
TN:
SF:src/components/Typography/Title/Title.tsx
FN:5,(anonymous_0)
FN:6,(anonymous_1)
FNF:2
FNH:2
FNDA:1,(anonymous_0)
FNDA:1,(anonymous_1)
DA:2,1
DA:5,1
DA:6,1
DA:8,1
LF:4
LH:4
BRDA:6,0,0,0
BRDA:6,0,1,1
BRDA:6,1,0,0
BRDA:6,1,1,1
BRDA:9,2,0,1
BRDA:9,2,1,1
BRF:6
BRH:4
end_of_record
TN:
SF:src/core/utils/window.util.ts
FN:1,(anonymous_0)
FNF:1
FNH:1
FNDA:1,(anonymous_0)
DA:1,1
DA:2,1
DA:3,1
LF:3
LH:3
BRF:0
BRH:0
end_of_record
